<?xml version="1.0" encoding="UTF-8"?>
<testng-results skipped="0" failed="0" total="3" passed="3">
  <reporter-output>
  </reporter-output>
  <suite name="SpiceJetSuite" duration-ms="94632" started-at="2019-12-06T18:23:25Z" finished-at="2019-12-06T18:24:59Z">
    <groups>
      <group name="smoke">
        <method signature="SpiceJetHomePageTest.logoTest()[pri:3, instance:testcases.SpiceJetHomePageTest@1e643faf]" name="logoTest" class="testcases.SpiceJetHomePageTest"/>
      </group> <!-- smoke -->
    </groups>
    <test name="SpiceJetTest" duration-ms="94632" started-at="2019-12-06T18:23:25Z" finished-at="2019-12-06T18:24:59Z">
      <class name="testcases.SpiceJetHomePageTest">
        <test-method status="PASS" signature="setUP(java.lang.String, java.lang.String)[pri:0, instance:testcases.SpiceJetHomePageTest@1e643faf]" name="setUP" is-config="true" duration-ms="76697" started-at="2019-12-06T23:53:25Z" finished-at="2019-12-06T23:54:42Z">
          <params>
            <param index="0">
              <value>
                <![CDATA[firefox]]>
              </value>
            </param>
            <param index="1">
              <value>
                <![CDATA[https://www.spicejet.com/]]>
              </value>
            </param>
          </params>
          <reporter-output>
          </reporter-output>
        </test-method> <!-- setUP -->
        <test-method status="PASS" signature="homePageTest()[pri:1, instance:testcases.SpiceJetHomePageTest@1e643faf]" name="homePageTest" duration-ms="567" started-at="2019-12-06T23:54:42Z" finished-at="2019-12-06T23:54:42Z">
          <reporter-output>
          </reporter-output>
        </test-method> <!-- homePageTest -->
        <test-method status="PASS" signature="addOnsTest()[pri:2, instance:testcases.SpiceJetHomePageTest@1e643faf]" name="addOnsTest" duration-ms="5242" started-at="2019-12-06T23:54:42Z" finished-at="2019-12-06T23:54:47Z">
          <reporter-output>
          </reporter-output>
        </test-method> <!-- addOnsTest -->
        <test-method status="PASS" signature="logoTest()[pri:3, instance:testcases.SpiceJetHomePageTest@1e643faf]" name="logoTest" duration-ms="1" started-at="2019-12-06T23:54:47Z" finished-at="2019-12-06T23:54:47Z">
          <reporter-output>
          </reporter-output>
        </test-method> <!-- logoTest -->
        <test-method status="PASS" signature="tearDown()[pri:0, instance:testcases.SpiceJetHomePageTest@1e643faf]" name="tearDown" is-config="true" duration-ms="12020" started-at="2019-12-06T23:54:47Z" finished-at="2019-12-06T23:54:59Z">
          <reporter-output>
          </reporter-output>
        </test-method> <!-- tearDown -->
      </class> <!-- testcases.SpiceJetHomePageTest -->
    </test> <!-- SpiceJetTest -->
  </suite> <!-- SpiceJetSuite -->
</testng-results>
