<?xml version="1.0" encoding="UTF-8"?>
<!-- Generated by org.testng.reporters.JUnitXMLReporter -->
<testsuite hostname="DESKTOP-N0CE5PM" ignored="0" name="SpiceJetTest" tests="1" failures="0" timestamp="2019-12-01T23:29:11 IST" time="0.355" errors="0">
  <testcase name="@BeforeClass setUP" time="0.238" classname="testcases.SpiceJetHomePageTest">
    <failure type="java.lang.IllegalStateException" message="The path to the driver executable must be set by the webdriver.gecko.driver system property; for more information, see https://github.com/mozilla/geckodriver. The latest version can be downloaded from https://github.com/mozilla/geckodriver/releases">
      <![CDATA[java.lang.IllegalStateException: The path to the driver executable must be set by the webdriver.gecko.driver system property; for more information, see https://github.com/mozilla/geckodriver. The latest version can be downloaded from https://github.com/mozilla/geckodriver/releases
at com.google.common.base.Preconditions.checkState(Preconditions.java:754)
at org.openqa.selenium.remote.service.DriverService.findExecutable(DriverService.java:124)
at org.openqa.selenium.firefox.GeckoDriverService.access$100(GeckoDriverService.java:41)
at org.openqa.selenium.firefox.GeckoDriverService$Builder.findDefaultExecutable(GeckoDriverService.java:115)
at org.openqa.selenium.remote.service.DriverService$Builder.build(DriverService.java:329)
at org.openqa.selenium.firefox.FirefoxDriver.toExecutor(FirefoxDriver.java:207)
at org.openqa.selenium.firefox.FirefoxDriver.<init>(FirefoxDriver.java:103)
at org.openqa.selenium.firefox.FirefoxDriver.<init>(FirefoxDriver.java:99)
at utilities.DriverSetUp.FireFox(DriverSetUp.java:15)
at testcases.SpiceJetHomePageTest.setUP(SpiceJetHomePageTest.java:17)
at java.util.ArrayList.forEach(Unknown Source)
... Removed 29 stack frames]]>
    </failure>
  </testcase> <!-- @BeforeClass setUP -->
  <testcase name="homePageTest" time="0.0" classname="testcases.SpiceJetHomePageTest">
    <skipped/>
  </testcase> <!-- homePageTest -->
</testsuite> <!-- SpiceJetTest -->
